빌드 시작: 2017-06-11 오전 1:50:17
     1>2 노드의 "d:\hhoon\documents\visual studio 2010\Projects\TSP-BB-SeoHoon\TSP-BB-SeoHoon\TSP-BB-SeoHoon.vcxproj" 프로젝트(build 대상)입니다.
     1>InitializeBuildStatus:
         "AlwaysCreate"이(가) 지정되었기 때문에 "Debug\TSP-BB-SeoHoon.unsuccessfulbuild"을(를) 만들고 있습니다.
       ClCompile:
         d:\Program Files (x86)\Microsoft Visual Studio 10.0\VC\bin\CL.exe /c /ZI /nologo /W3 /WX- /Od /Oy- /D WIN32 /D _DEBUG /D _CONSOLE /D _UNICODE /D UNICODE /Gm /EHsc /RTC1 /MDd /GS /fp:precise /Zc:wchar_t /Zc:forScope /Fo"Debug\\" /Fd"Debug\vc100.pdb" /Gd /TP /analyze- /errorReport:prompt "TSP-BB-SeoHoon.cpp"
         TSP-BB-SeoHoon.cpp
       ManifestResourceCompile:
         모든 출력이 최신 상태입니다.
       Link:
         d:\Program Files (x86)\Microsoft Visual Studio 10.0\VC\bin\link.exe /ERRORREPORT:PROMPT /OUT:"d:\hhoon\documents\visual studio 2010\Projects\TSP-BB-SeoHoon\Debug\TSP-BB-SeoHoon.exe" /INCREMENTAL /NOLOGO kernel32.lib user32.lib gdi32.lib winspool.lib comdlg32.lib advapi32.lib shell32.lib ole32.lib oleaut32.lib uuid.lib odbc32.lib odbccp32.lib /MANIFEST /ManifestFile:"Debug\TSP-BB-SeoHoon.exe.intermediate.manifest" /MANIFESTUAC:"level='asInvoker' uiAccess='false'" /DEBUG /PDB:"d:\hhoon\documents\visual studio 2010\Projects\TSP-BB-SeoHoon\Debug\TSP-BB-SeoHoon.pdb" /SUBSYSTEM:CONSOLE /TLBID:1 /DYNAMICBASE /NXCOMPAT /IMPLIB:"d:\hhoon\documents\visual studio 2010\Projects\TSP-BB-SeoHoon\Debug\TSP-BB-SeoHoon.lib" /MACHINE:X86 "Debug\TSP-BB-SeoHoon.exe.embed.manifest.res"
         "Debug\TSP-BB-SeoHoon.obj"
       Manifest:
         C:\Program Files (x86)\Microsoft SDKs\Windows\v7.0A\bin\mt.exe /nologo /verbose /out:"Debug\TSP-BB-SeoHoon.exe.embed.manifest" /manifest "Debug\TSP-BB-SeoHoon.exe.intermediate.manifest"
         모든 출력이 최신 상태입니다.
       LinkEmbedManifest:
         모든 출력이 최신 상태입니다.
         TSP-BB-SeoHoon.vcxproj -> d:\hhoon\documents\visual studio 2010\Projects\TSP-BB-SeoHoon\Debug\TSP-BB-SeoHoon.exe
       FinalizeBuildStatus:
         "Debug\TSP-BB-SeoHoon.unsuccessfulbuild" 파일을 삭제하고 있습니다.
         "Debug\TSP-BB-SeoHoon.lastbuildstate"에 연결(touching)하고 있습니다.
     1>"d:\hhoon\documents\visual studio 2010\Projects\TSP-BB-SeoHoon\TSP-BB-SeoHoon\TSP-BB-SeoHoon.vcxproj" 프로젝트를 빌드했습니다(build 대상).

빌드했습니다.

경과 시간: 00:00:01.08
